args[0]=/home/wupeng/work/cdev/kernel/msm-3.18
args[1]=sourcelist.txt
/home/wupeng/work/tooldev/KernCodeTools/ByBuiltDir
sys dir = /home/wupeng/work/8996n/kernel/msm-3.18/include/uapi/
sys dir = /home/wupeng/work/8996n/kernel/msm-3.18/include/
sys dir = /home/wupeng/work/8996n/kernel/msm-3.18/arch/arm/include/
sys dir = /home/wupeng/work/8996n/kernel/msm-3.18/arch/arm64/include/
path = /home/wupeng/work/8996n/kernel/msm-3.18/usr/gen_init_cpio.c string = #include <stdio.h>
path = /home/wupeng/work/8996n/kernel/msm-3.18/usr/gen_init_cpio.c string = #include <stdlib.h>
path = /home/wupeng/work/8996n/kernel/msm-3.18/usr/gen_init_cpio.c string = #include <string.h>
path = /home/wupeng/work/8996n/kernel/msm-3.18/usr/gen_init_cpio.c string = #include <unistd.h>
path = /home/wupeng/work/8996n/kernel/msm-3.18/usr/gen_init_cpio.c string = #include <time.h>
path = /home/wupeng/work/8996n/kernel/msm-3.18/usr/gen_init_cpio.c string = #include <fcntl.h>
path = /home/wupeng/work/8996n/kernel/msm-3.18/usr/gen_init_cpio.c string = #include <errno.h>
path = /home/wupeng/work/8996n/kernel/msm-3.18/usr/gen_init_cpio.c string = #include <ctype.h>
path = /home/wupeng/work/8996n/kernel/msm-3.18/usr/gen_init_cpio.c string = #include <limits.h>
path = /home/wupeng/work/8996n/kernel/msm-3.18/fs/compat_ioctl.c string = #include <asm/fbio.h>
path = /home/wupeng/work/8996n/kernel/msm-3.18/drivers/misc/ti_drv2667.c string = #include <linux/earlysuspend.h>
path = /home/wupeng/work/8996n/kernel/msm-3.18/drivers/gud/MobiCoreDriver/api.c string = #include <public/mc_linux.h>	/* MC_MAP_MAX */
path = /home/wupeng/work/8996n/kernel/msm-3.18/scripts/genksyms/genksyms.c string = #include <stdio.h>
path = /home/wupeng/work/8996n/kernel/msm-3.18/scripts/genksyms/genksyms.c string = #include <string.h>
path = /home/wupeng/work/8996n/kernel/msm-3.18/scripts/genksyms/genksyms.c string = #include <stdlib.h>
path = /home/wupeng/work/8996n/kernel/msm-3.18/scripts/genksyms/genksyms.c string = #include <unistd.h>
path = /home/wupeng/work/8996n/kernel/msm-3.18/scripts/genksyms/genksyms.c string = #include <assert.h>
path = /home/wupeng/work/8996n/kernel/msm-3.18/scripts/genksyms/genksyms.c string = #include <stdarg.h>
path = /home/wupeng/work/8996n/kernel/msm-3.18/scripts/genksyms/genksyms.c string = #include <getopt.h>
path = /home/wupeng/work/8996n/kernel/msm-3.18/scripts/unifdef.c string = #include <ctype.h>
path = /home/wupeng/work/8996n/kernel/msm-3.18/scripts/unifdef.c string = #include <err.h>
path = /home/wupeng/work/8996n/kernel/msm-3.18/scripts/unifdef.c string = #include <errno.h>
path = /home/wupeng/work/8996n/kernel/msm-3.18/scripts/unifdef.c string = #include <stdarg.h>
path = /home/wupeng/work/8996n/kernel/msm-3.18/scripts/unifdef.c string = #include <stdbool.h>
path = /home/wupeng/work/8996n/kernel/msm-3.18/scripts/unifdef.c string = #include <stdio.h>
path = /home/wupeng/work/8996n/kernel/msm-3.18/scripts/unifdef.c string = #include <stdlib.h>
path = /home/wupeng/work/8996n/kernel/msm-3.18/scripts/unifdef.c string = #include <string.h>
path = /home/wupeng/work/8996n/kernel/msm-3.18/scripts/unifdef.c string = #include <unistd.h>
path = /home/wupeng/work/8996n/kernel/msm-3.18/lib/kasprintf.c string = #include <stdarg.h>
path = /home/wupeng/work/8996n/kernel/msm-3.18/scripts/mod/sumversion.c string = #include <inttypes.h>
path = /home/wupeng/work/8996n/kernel/msm-3.18/scripts/mod/sumversion.c string = #include <stdint.h>
path = /home/wupeng/work/8996n/kernel/msm-3.18/scripts/mod/sumversion.c string = #include <ctype.h>
path = /home/wupeng/work/8996n/kernel/msm-3.18/scripts/mod/sumversion.c string = #include <errno.h>
path = /home/wupeng/work/8996n/kernel/msm-3.18/scripts/mod/sumversion.c string = #include <string.h>
path = /home/wupeng/work/8996n/kernel/msm-3.18/scripts/mod/sumversion.c string = #include <limits.h>
path = /home/wupeng/work/8996n/kernel/msm-3.18/scripts/basic/fixdep.c string = #include <unistd.h>
path = /home/wupeng/work/8996n/kernel/msm-3.18/scripts/basic/fixdep.c string = #include <fcntl.h>
path = /home/wupeng/work/8996n/kernel/msm-3.18/scripts/basic/fixdep.c string = #include <string.h>
path = /home/wupeng/work/8996n/kernel/msm-3.18/scripts/basic/fixdep.c string = #include <stdlib.h>
path = /home/wupeng/work/8996n/kernel/msm-3.18/scripts/basic/fixdep.c string = #include <stdio.h>
path = /home/wupeng/work/8996n/kernel/msm-3.18/scripts/basic/fixdep.c string = #include <limits.h>
path = /home/wupeng/work/8996n/kernel/msm-3.18/scripts/basic/fixdep.c string = #include <ctype.h>
path = /home/wupeng/work/8996n/kernel/msm-3.18/drivers/platform/msm/mhi/mhi_ssr.c string = #include <mhi_sys.h>
path = /home/wupeng/work/8996n/kernel/msm-3.18/drivers/platform/msm/mhi/mhi_ssr.c string = #include <mhi.h>
path = /home/wupeng/work/8996n/kernel/msm-3.18/drivers/platform/msm/mhi/mhi_ssr.c string = #include <mhi_bhi.h>
path = /home/wupeng/work/8996n/kernel/msm-3.18/drivers/platform/msm/mhi/mhi_ssr.c string = #include <mhi_hwio.h>
path = /home/wupeng/work/8996n/kernel/msm-3.18/net/netfilter/nf_conntrack_h323_asn1.c string = #include <stdio.h>
path = /home/wupeng/work/8996n/kernel/msm-3.18/scripts/dtc/srcpos.c string = #include <stdio.h>
path = /home/wupeng/work/8996n/kernel/msm-3.18/arch/arm64/kernel/process.c string = #include <stdarg.h>
path = /home/wupeng/work/8996n/kernel/msm-3.18/sound/soc/msm/apq8096-auto.c string = #include <device_event.h>
path = /home/wupeng/work/8996n/kernel/msm-3.18/drivers/usb/core/hcd-pci.c string = #include <asm/machdep.h>
path = /home/wupeng/work/8996n/kernel/msm-3.18/drivers/usb/core/hcd-pci.c string = #include <asm/pmac_feature.h>
path = /home/wupeng/work/8996n/kernel/msm-3.18/drivers/video/fbdev/msm/../../msm/msm_dba/msm_dba.c string = #include <msm_dba_internal.h>
path = /home/wupeng/work/8996n/kernel/msm-3.18/lib/gen_crc32table.c string = #include <stdio.h>
path = /home/wupeng/work/8996n/kernel/msm-3.18/lib/gen_crc32table.c string = #include <inttypes.h>
path = /home/wupeng/work/8996n/kernel/msm-3.18/init/version.c string = #include <generated/compile.h>
path = /home/wupeng/work/8996n/kernel/msm-3.18/init/version.c string = #include <generated/utsrelease.h>
path = /home/wupeng/work/8996n/kernel/msm-3.18/drivers/power/qcom/msm-core.c string = #include <stdbool.h>
path = /home/wupeng/work/8996n/kernel/msm-3.18/drivers/char/diag/diagfwd_bridge.c string = #include <linux/smux.h>
path = /home/wupeng/work/8996n/kernel/msm-3.18/scripts/sortextable.c string = #include <getopt.h>
path = /home/wupeng/work/8996n/kernel/msm-3.18/scripts/sortextable.c string = #include <elf.h>
path = /home/wupeng/work/8996n/kernel/msm-3.18/scripts/sortextable.c string = #include <fcntl.h>
path = /home/wupeng/work/8996n/kernel/msm-3.18/scripts/sortextable.c string = #include <setjmp.h>
path = /home/wupeng/work/8996n/kernel/msm-3.18/scripts/sortextable.c string = #include <stdio.h>
path = /home/wupeng/work/8996n/kernel/msm-3.18/scripts/sortextable.c string = #include <stdlib.h>
path = /home/wupeng/work/8996n/kernel/msm-3.18/scripts/sortextable.c string = #include <string.h>
path = /home/wupeng/work/8996n/kernel/msm-3.18/scripts/sortextable.c string = #include <unistd.h>
path = /home/wupeng/work/8996n/kernel/msm-3.18/drivers/input/misc/vl53L0/src/vl53l0_api.c string = #include <stdlib.h>
path = /home/wupeng/work/8996n/kernel/msm-3.18/scripts/dtc/fstree.c string = #include <dirent.h>
path = /home/wupeng/work/8996n/kernel/msm-3.18/kernel/sched/core.c string = #include <asm/paravirt.h>
path = /home/wupeng/work/8996n/kernel/msm-3.18/sound/core/pcm_native.c string = #include <dma-coherence.h>
path = /home/wupeng/work/8996n/kernel/msm-3.18/drivers/media/platform/msm/camera_v2/sensor/ois/OIS_func.c string = #include <math.h>
path = /home/wupeng/work/8996n/kernel/msm-3.18/drivers/media/platform/msm/camera_v2/sensor/ois/OIS_func.c string = #include <conio.h>
path = /home/wupeng/work/8996n/kernel/msm-3.18/drivers/media/platform/msm/camera_v2/sensor/ois/OIS_func.c string = #include <ctype.h>
path = /home/wupeng/work/8996n/kernel/msm-3.18/sound/soc/msm/apq8096-i2c.c string = #include <device_event.h>
path = /home/wupeng/work/8996n/kernel/msm-3.18/scripts/mod/file2alias.c string = #include <inttypes.h>
path = /home/wupeng/work/8996n/kernel/msm-3.18/scripts/mod/file2alias.c string = #include <stdint.h>
path = /home/wupeng/work/8996n/kernel/msm-3.18/scripts/mod/file2alias.c string = #include <ctype.h>
path = /home/wupeng/work/8996n/kernel/msm-3.18/scripts/mod/file2alias.c string = #include <stdbool.h>
path = /home/wupeng/work/8996n/kernel/msm-3.18/scripts/mod/file2alias.c string = #include <mach-o/getsect.h>
path = /home/wupeng/work/8996n/kernel/msm-3.18/scripts/dtc/util.c string = #include <ctype.h>
path = /home/wupeng/work/8996n/kernel/msm-3.18/scripts/dtc/util.c string = #include <stdio.h>
path = /home/wupeng/work/8996n/kernel/msm-3.18/scripts/dtc/util.c string = #include <stdlib.h>
path = /home/wupeng/work/8996n/kernel/msm-3.18/scripts/dtc/util.c string = #include <stdarg.h>
path = /home/wupeng/work/8996n/kernel/msm-3.18/scripts/dtc/util.c string = #include <string.h>
path = /home/wupeng/work/8996n/kernel/msm-3.18/scripts/dtc/util.c string = #include <assert.h>
path = /home/wupeng/work/8996n/kernel/msm-3.18/scripts/dtc/util.c string = #include <errno.h>
path = /home/wupeng/work/8996n/kernel/msm-3.18/scripts/dtc/util.c string = #include <fcntl.h>
path = /home/wupeng/work/8996n/kernel/msm-3.18/scripts/dtc/util.c string = #include <unistd.h>
path = /home/wupeng/work/8996n/kernel/msm-3.18/drivers/mmc/host/sdhci-pltfm.c string = #include <asm/machdep.h>
path = /home/wupeng/work/8996n/kernel/msm-3.18/scripts/kconfig/conf.c string = #include <locale.h>
path = /home/wupeng/work/8996n/kernel/msm-3.18/scripts/kconfig/conf.c string = #include <ctype.h>
path = /home/wupeng/work/8996n/kernel/msm-3.18/scripts/kconfig/conf.c string = #include <stdio.h>
path = /home/wupeng/work/8996n/kernel/msm-3.18/scripts/kconfig/conf.c string = #include <stdlib.h>
path = /home/wupeng/work/8996n/kernel/msm-3.18/scripts/kconfig/conf.c string = #include <string.h>
path = /home/wupeng/work/8996n/kernel/msm-3.18/scripts/kconfig/conf.c string = #include <time.h>
path = /home/wupeng/work/8996n/kernel/msm-3.18/scripts/kconfig/conf.c string = #include <unistd.h>
path = /home/wupeng/work/8996n/kernel/msm-3.18/scripts/kconfig/conf.c string = #include <getopt.h>
path = /home/wupeng/work/8996n/kernel/msm-3.18/scripts/kconfig/conf.c string = #include <errno.h>
path = /home/wupeng/work/8996n/kernel/msm-3.18/scripts/selinux/mdp/mdp.c string = #include <stdio.h>
path = /home/wupeng/work/8996n/kernel/msm-3.18/scripts/selinux/mdp/mdp.c string = #include <stdlib.h>
path = /home/wupeng/work/8996n/kernel/msm-3.18/scripts/selinux/mdp/mdp.c string = #include <unistd.h>
path = /home/wupeng/work/8996n/kernel/msm-3.18/scripts/selinux/mdp/mdp.c string = #include <string.h>
path = /home/wupeng/work/8996n/kernel/msm-3.18/drivers/gpu/msm/kgsl_iommu.c string = #include <stddef.h>
path = /home/wupeng/work/8996n/kernel/msm-3.18/scripts/mod/modpost.c string = #include <stdio.h>
path = /home/wupeng/work/8996n/kernel/msm-3.18/scripts/mod/modpost.c string = #include <ctype.h>
path = /home/wupeng/work/8996n/kernel/msm-3.18/scripts/mod/modpost.c string = #include <string.h>
path = /home/wupeng/work/8996n/kernel/msm-3.18/scripts/mod/modpost.c string = #include <limits.h>
path = /home/wupeng/work/8996n/kernel/msm-3.18/scripts/mod/modpost.c string = #include <stdbool.h>
path = /home/wupeng/work/8996n/kernel/msm-3.18/scripts/mod/modpost.c string = #include <errno.h>
path = /home/wupeng/work/8996n/kernel/msm-3.18/kernel/sys.c string = #include <generated/utsrelease.h>
path = /home/wupeng/work/8996n/kernel/msm-3.18/sound/core/info.c string = #include <stdarg.h>
path = /home/wupeng/work/8996n/kernel/msm-3.18/drivers/misc/qcom/qdsp6v2/audio_utils_aio.c string = #include <linux/qdsp6v2/audio_dev_ctl.h>
path = /home/wupeng/work/8996n/kernel/msm-3.18/drivers/input/misc/vl53L0/src/vl53l010_api.c string = #include <stdlib.h>
path = /home/wupeng/work/8996n/kernel/msm-3.18/scripts/selinux/genheaders/genheaders.c string = #include <stdio.h>
path = /home/wupeng/work/8996n/kernel/msm-3.18/scripts/selinux/genheaders/genheaders.c string = #include <stdlib.h>
path = /home/wupeng/work/8996n/kernel/msm-3.18/scripts/selinux/genheaders/genheaders.c string = #include <unistd.h>
path = /home/wupeng/work/8996n/kernel/msm-3.18/scripts/selinux/genheaders/genheaders.c string = #include <string.h>
path = /home/wupeng/work/8996n/kernel/msm-3.18/scripts/selinux/genheaders/genheaders.c string = #include <errno.h>
path = /home/wupeng/work/8996n/kernel/msm-3.18/scripts/selinux/genheaders/genheaders.c string = #include <ctype.h>
path = /home/wupeng/work/8996n/kernel/msm-3.18/fs/proc/base.c string = #include <asm/hardwall.h>
path = /home/wupeng/work/8996n/kernel/msm-3.18/kernel/trace/trace.c string = #include <generated/utsrelease.h>
path = /home/wupeng/work/8996n/kernel/msm-3.18/fs/file_table.c string = #include <mount.h>
path = /home/wupeng/work/8996n/kernel/msm-3.18/drivers/gpu/msm/kgsl_events.c string = #include <kgsl_device.h>
path = /home/wupeng/work/8996n/kernel/msm-3.18/scripts/mod/mk_elfconfig.c string = #include <stdio.h>
path = /home/wupeng/work/8996n/kernel/msm-3.18/scripts/mod/mk_elfconfig.c string = #include <stdlib.h>
path = /home/wupeng/work/8996n/kernel/msm-3.18/scripts/mod/mk_elfconfig.c string = #include <string.h>
path = /home/wupeng/work/8996n/kernel/msm-3.18/scripts/mod/mk_elfconfig.c string = #include <elf.h>
path = /home/wupeng/work/8996n/kernel/msm-3.18/lib/vsprintf.c string = #include <stdarg.h>
path = /home/wupeng/work/8996n/kernel/msm-3.18/sound/soc/msm/msm8996.c string = #include <device_event.h>
path = /home/wupeng/work/8996n/kernel/msm-3.18/scripts/basic/bin2c.c string = #include <stdio.h>
path = /home/wupeng/work/8996n/kernel/msm-3.18/scripts/kallsyms.c string = #include <stdio.h>
path = /home/wupeng/work/8996n/kernel/msm-3.18/scripts/kallsyms.c string = #include <stdlib.h>
path = /home/wupeng/work/8996n/kernel/msm-3.18/scripts/kallsyms.c string = #include <string.h>
path = /home/wupeng/work/8996n/kernel/msm-3.18/scripts/kallsyms.c string = #include <ctype.h>
path = /home/wupeng/work/8996n/kernel/msm-3.18/drivers/pci/quirks.c string = #include <asm/io_apic.h>
path = /home/wupeng/work/8996n/kernel/msm-3.18/drivers/base/firmware_class.c string = #include <generated/utsrelease.h>
output = /home/wupeng/work/tooldev/KernCodeTools/ByBuiltDir/out/list.txt
total=0
analysis tooks 1215 ms
